\BOOKMARK [1][-]{section.1}{\376\377\000L\000o\000g\000i\000c\000a\000l\000\040\000S\000y\000m\000b\000o\000l\000s\000\040\000a\000n\000d\000\040\000D\000e\000d\000u\000c\000t\000i\000v\000e\000\040\000R\000e\000a\000s\000o\000n\000i\000n\000g}{}% 1
\BOOKMARK [2][-]{subsection.1.1}{\376\377\000V\000a\000r\000i\000a\000b\000l\000e\000s\000\040\000a\000n\000d\000\040\000S\000t\000a\000t\000e\000m\000e\000n\000t\000s}{section.1}% 2
\BOOKMARK [2][-]{subsection.1.2}{\376\377\000C\000o\000n\000n\000e\000c\000t\000i\000v\000e\000\040\000S\000y\000m\000b\000o\000l\000s}{section.1}% 3
\BOOKMARK [2][-]{subsection.1.3}{\376\377\000L\000o\000g\000i\000c\000a\000l\000\040\000L\000a\000w\000s}{section.1}% 4
\BOOKMARK [3][-]{subsubsection.1.3.1}{\376\377\000A\000s\000s\000o\000c\000i\000a\000t\000i\000v\000e\000\040\000L\000a\000w}{subsection.1.3}% 5
\BOOKMARK [3][-]{subsubsection.1.3.2}{\376\377\000C\000o\000m\000m\000u\000n\000a\000t\000i\000v\000e\000\040\000L\000a\000w}{subsection.1.3}% 6
\BOOKMARK [3][-]{subsubsection.1.3.3}{\376\377\000D\000i\000s\000t\000r\000i\000b\000u\000t\000i\000v\000e\000\040\000L\000a\000w}{subsection.1.3}% 7
\BOOKMARK [3][-]{subsubsection.1.3.4}{\376\377\000D\000o\000u\000b\000l\000e\000\040\000N\000e\000g\000a\000t\000i\000o\000n\000\040\000L\000a\000w}{subsection.1.3}% 8
\BOOKMARK [3][-]{subsubsection.1.3.5}{\376\377\000D\000e\000\040\000M\000o\000r\000g\000a\000n\000'\000s\000\040\000L\000a\000w}{subsection.1.3}% 9
\BOOKMARK [3][-]{subsubsection.1.3.6}{\376\377\000I\000d\000e\000m\000p\000o\000t\000e\000n\000t\000\040\000L\000a\000w}{subsection.1.3}% 10
\BOOKMARK [3][-]{subsubsection.1.3.7}{\376\377\000A\000b\000s\000o\000r\000p\000t\000i\000o\000n\000\040\000L\000a\000w}{subsection.1.3}% 11
\BOOKMARK [2][-]{subsection.1.4}{\376\377\000T\000r\000u\000t\000h\000\040\000T\000a\000b\000l\000e\000s}{section.1}% 12
\BOOKMARK [2][-]{subsection.1.5}{\376\377\000T\000a\000u\000t\000o\000l\000o\000g\000i\000e\000s\000\040\000a\000n\000d\000\040\000C\000o\000n\000t\000r\000a\000d\000i\000c\000t\000i\000o\000n\000s}{section.1}% 13
\BOOKMARK [2][-]{subsection.1.6}{\376\377\000T\000h\000e\000\040\000C\000o\000n\000d\000i\000t\000i\000o\000n\000a\000l}{section.1}% 14
\BOOKMARK [3][-]{subsubsection.1.6.1}{\376\377\000D\000e\000f\000i\000n\000i\000t\000i\000o\000n}{subsection.1.6}% 15
\BOOKMARK [3][-]{subsubsection.1.6.2}{\376\377\000T\000h\000e\000\040\000T\000r\000u\000t\000h\000\040\000o\000f\000\040\000a\000\040\000C\000o\000n\000d\000i\000t\000i\000o\000n\000a\000l}{subsection.1.6}% 16
\BOOKMARK [3][-]{subsubsection.1.6.3}{\376\377\000T\000h\000e\000\040\000C\000o\000n\000d\000i\000t\000o\000n\000a\000l\000\040\000i\000n\000\040\000L\000o\000g\000i\000c\000a\000l\000\040\000C\000o\000n\000n\000e\000c\000t\000i\000v\000e\000s}{subsection.1.6}% 17
\BOOKMARK [3][-]{subsubsection.1.6.4}{\376\377\000T\000h\000e\000\040\000C\000o\000n\000v\000e\000r\000s\000e}{subsection.1.6}% 18
\BOOKMARK [3][-]{subsubsection.1.6.5}{\376\377\000T\000h\000e\000\040\000C\000o\000n\000t\000r\000a\000p\000o\000s\000i\000t\000i\000v\000e}{subsection.1.6}% 19
\BOOKMARK [2][-]{subsection.1.7}{\376\377\000T\000h\000e\000\040\000B\000i\000c\000o\000n\000d\000i\000t\000i\000o\000n\000a\000l}{section.1}% 20
\BOOKMARK [3][-]{subsubsection.1.7.1}{\376\377\000D\000e\000f\000i\000n\000i\000t\000i\000o\000n}{subsection.1.7}% 21
\BOOKMARK [3][-]{subsubsection.1.7.2}{\376\377\000T\000h\000e\000\040\000T\000r\000u\000t\000h\000\040\000o\000f\000\040\000a\000\040\000B\000i\000c\000o\000n\000d\000i\000t\000i\000o\000n\000a\000l}{subsection.1.7}% 22
\BOOKMARK [2][-]{subsection.1.8}{\376\377\000A\000r\000g\000u\000m\000e\000n\000t\000s}{section.1}% 23
\BOOKMARK [1][-]{section.2}{\376\377\000Q\000u\000a\000n\000t\000i\000f\000i\000e\000r\000s}{}% 24
\BOOKMARK [2][-]{subsection.2.1}{\376\377\000I\000n\000t\000r\000o\000d\000u\000c\000i\000n\000g\000\040\000Q\000u\000a\000n\000t\000i\000f\000i\000e\000r\000s}{section.2}% 25
\BOOKMARK [3][-]{subsubsection.2.1.1}{\376\377\000U\000n\000i\000q\000u\000e\000n\000e\000s\000s}{subsection.2.1}% 26
\BOOKMARK [3][-]{subsubsection.2.1.2}{\376\377\000I\000d\000o\000m\000a\000t\000i\000c\000\040\000a\000n\000d\000\040\000M\000a\000t\000h\000e\000m\000a\000t\000i\000c\000a\000l\000\040\000E\000n\000g\000l\000i\000s\000h}{subsection.2.1}% 27
\BOOKMARK [2][-]{subsection.2.2}{\376\377\000B\000o\000u\000n\000d\000\040\000a\000n\000d\000\040\000F\000r\000e\000e\000\040\000V\000a\000r\000i\000a\000b\000l\000e\000s}{section.2}% 28
\BOOKMARK [2][-]{subsection.2.3}{\376\377\000Q\000u\000a\000n\000t\000i\000f\000i\000e\000r\000\040\000N\000e\000g\000a\000t\000i\000o\000n}{section.2}% 29
\BOOKMARK [1][-]{section.3}{\376\377\000S\000e\000t\000\040\000T\000h\000e\000o\000r\000y}{}% 30
\BOOKMARK [2][-]{subsection.3.1}{\376\377\000D\000e\000f\000i\000n\000i\000n\000g\000\040\000S\000e\000t\000s}{section.3}% 31
\BOOKMARK [3][-]{subsubsection.3.1.1}{\376\377\000I\000m\000p\000o\000r\000t\000a\000n\000t\000\040\000S\000e\000t\000s}{subsection.3.1}% 32
\BOOKMARK [2][-]{subsection.3.2}{\376\377\000B\000a\000s\000i\000c\000\040\000S\000e\000t\000\040\000O\000p\000e\000r\000a\000t\000i\000o\000n\000s}{section.3}% 33
\BOOKMARK [3][-]{subsubsection.3.2.1}{\376\377\000I\000n\000t\000e\000r\000s\000e\000c\000t\000i\000o\000n}{subsection.3.2}% 34
\BOOKMARK [3][-]{subsubsection.3.2.2}{\376\377\000U\000n\000i\000o\000n}{subsection.3.2}% 35
\BOOKMARK [3][-]{subsubsection.3.2.3}{\376\377\000D\000i\000f\000f\000e\000r\000e\000n\000c\000e}{subsection.3.2}% 36
\BOOKMARK [3][-]{subsubsection.3.2.4}{\376\377\000S\000y\000m\000m\000e\000t\000r\000i\000c\000\040\000D\000i\000f\000f\000e\000r\000e\000n\000c\000e}{subsection.3.2}% 37
\BOOKMARK [3][-]{subsubsection.3.2.5}{\376\377\000S\000u\000b\000s\000e\000t\000s\000,\000\040\000P\000r\000o\000p\000e\000r\000\040\000a\000n\000d\000\040\000I\000m\000p\000r\000o\000p\000e\000r}{subsection.3.2}% 38
\BOOKMARK [2][-]{subsection.3.3}{\376\377\000F\000a\000m\000i\000l\000i\000e\000s\000\040\000o\000f\000\040\000S\000e\000t\000s}{section.3}% 39
\BOOKMARK [3][-]{subsubsection.3.3.1}{\376\377\000I\000n\000d\000e\000x\000\040\000S\000e\000t\000s}{subsection.3.3}% 40
\BOOKMARK [3][-]{subsubsection.3.3.2}{\376\377\000T\000h\000e\000\040\000P\000o\000w\000e\000r\000\040\000S\000e\000t}{subsection.3.3}% 41
\BOOKMARK [3][-]{subsubsection.3.3.3}{\376\377\000O\000p\000e\000r\000a\000t\000i\000o\000n\000s\000\040\000o\000n\000\040\000F\000a\000m\000i\000l\000i\000e\000s\000\040\000o\000f\000\040\000S\000e\000t\000s}{subsection.3.3}% 42
\BOOKMARK [1][-]{section.4}{\376\377\000P\000r\000o\000o\000f\000\040\000S\000t\000r\000a\000t\000e\000g\000i\000e\000s}{}% 43
\BOOKMARK [2][-]{subsection.4.1}{\376\377\000T\000h\000e\000o\000r\000e\000m\000s\000,\000\040\000P\000r\000o\000p\000o\000s\000i\000t\000i\000o\000n\000s\000,\000\040\000a\000n\000d\000\040\000L\000e\000m\000m\000a\000s}{section.4}% 44
\BOOKMARK [2][-]{subsection.4.2}{\376\377\000P\000r\000o\000o\000f\000\040\000W\000r\000i\000t\000i\000n\000g\000\040\000B\000a\000s\000i\000c\000s}{section.4}% 45
\BOOKMARK [2][-]{subsection.4.3}{\376\377\000G\000e\000n\000e\000r\000a\000l\000\040\000P\000r\000o\000o\000f\000\040\000S\000t\000r\000a\000t\000e\000g\000i\000e\000s}{section.4}% 46
\BOOKMARK [3][-]{subsubsection.4.3.1}{\376\377\000D\000i\000r\000e\000c\000t\000\040\000P\000r\000o\000o\000f\000s}{subsection.4.3}% 47
\BOOKMARK [3][-]{subsubsection.4.3.2}{\376\377\000P\000r\000o\000o\000f\000\040\000b\000y\000\040\000C\000o\000n\000t\000r\000a\000p\000o\000s\000i\000t\000i\000v\000e}{subsection.4.3}% 48
\BOOKMARK [3][-]{subsubsection.4.3.3}{\376\377\000P\000r\000o\000o\000f\000\040\000b\000y\000\040\000C\000o\000n\000t\000r\000a\000d\000i\000c\000t\000i\000o\000n}{subsection.4.3}% 49
\BOOKMARK [3][-]{subsubsection.4.3.4}{\376\377\000F\000o\000r\000\040\000a\000l\000l\000\040\000P\000r\000o\000o\000f\000s}{subsection.4.3}% 50
\BOOKMARK [3][-]{subsubsection.4.3.5}{\376\377\000T\000h\000e\000r\000e\000\040\000E\000x\000i\000s\000t\000s\000\040\000P\000r\000o\000o\000f\000s}{subsection.4.3}% 51
\BOOKMARK [3][-]{subsubsection.4.3.6}{\376\377\000T\000h\000e\000r\000e\000\040\000E\000x\000i\000s\000t\000s\000\040\000a\000\040\000U\000N\000I\000Q\000U\000E\000\040\000P\000r\000o\000o\000f\000s}{subsection.4.3}% 52
\BOOKMARK [2][-]{subsection.4.4}{\376\377\000P\000r\000o\000o\000f\000s\000\040\000I\000n\000v\000o\000l\000v\000i\000n\000g\000\040\000C\000o\000n\000j\000u\000n\000c\000t\000i\000o\000n\000s\000\040\000a\000n\000d\000\040\000B\000i\000c\000o\000n\000d\000i\000t\000i\000o\000n\000a\000l\000s}{section.4}% 53
\BOOKMARK [3][-]{subsubsection.4.4.1}{\376\377\000C\000o\000n\000j\000u\000n\000c\000t\000i\000o\000n\000\040\000P\000r\000o\000o\000f\000s}{subsection.4.4}% 54
\BOOKMARK [3][-]{subsubsection.4.4.2}{\376\377\000B\000i\000c\000o\000n\000d\000i\000t\000i\000o\000n\000a\000l\000\040\000P\000r\000o\000o\000f\000s}{subsection.4.4}% 55
\BOOKMARK [2][-]{subsection.4.5}{\376\377\000P\000r\000o\000o\000f\000s\000\040\000I\000n\000v\000o\000l\000v\000i\000n\000g\000\040\000D\000i\000s\000j\000u\000n\000c\000t\000i\000o\000n\000s}{section.4}% 56
\BOOKMARK [1][-]{section.5}{\376\377\000R\000e\000l\000a\000t\000i\000o\000n\000s}{}% 57
\BOOKMARK [2][-]{subsection.5.1}{\376\377\000O\000r\000d\000e\000r\000e\000d\000\040\000P\000a\000i\000r\000s\000\040\000a\000n\000d\000\040\000C\000a\000r\000t\000e\000s\000i\000a\000n\000\040\000P\000r\000o\000d\000u\000c\000t\000s}{section.5}% 58
\BOOKMARK [2][-]{subsection.5.2}{\376\377\000R\000e\000l\000a\000t\000i\000o\000n\000s}{section.5}% 59
\BOOKMARK [2][-]{subsection.5.3}{\376\377\000E\000q\000u\000i\000v\000a\000l\000e\000n\000c\000e\000\040\000R\000e\000l\000a\000t\000i\000o\000n\000s}{section.5}% 60
\BOOKMARK [3][-]{subsubsection.5.3.1}{\376\377\000A\000\040\000P\000r\000i\000m\000e\000r}{subsection.5.3}% 61
\BOOKMARK [3][-]{subsubsection.5.3.2}{\376\377\000E\000q\000u\000i\000v\000a\000l\000e\000n\000c\000e\000\040\000R\000e\000l\000a\000t\000i\000o\000n\000s\000\040\000a\000n\000d\000\040\000C\000l\000a\000s\000s\000e\000s}{subsection.5.3}% 62
\BOOKMARK [3][-]{subsubsection.5.3.3}{\376\377\000P\000a\000r\000t\000i\000t\000i\000o\000n\000\040\000o\000f\000\040\000S\000e\000t\000s}{subsection.5.3}% 63
\BOOKMARK [3][-]{subsubsection.5.3.4}{\376\377\000T\000h\000e\000\040\000F\000u\000n\000d\000a\000m\000e\000n\000t\000a\000l\000\040\000T\000h\000e\000o\000r\000e\000m\000\040\000o\000f\000\040\000E\000q\000u\000i\000v\000a\000l\000e\000n\000c\000e\000\040\000R\000e\000l\000a\000t\000i\000o\000n\000s}{subsection.5.3}% 64
\BOOKMARK [1][-]{section.6}{\376\377\000F\000u\000n\000c\000t\000i\000o\000n\000s}{}% 65
\BOOKMARK [2][-]{subsection.6.1}{\376\377\000D\000e\000f\000i\000n\000i\000n\000g\000\040\000F\000u\000n\000c\000t\000i\000o\000n\000s}{section.6}% 66
\BOOKMARK [3][-]{subsubsection.6.1.1}{\376\377\000D\000o\000m\000a\000i\000n\000\040\000a\000n\000d\000\040\000R\000a\000n\000g\000e}{subsection.6.1}% 67
\BOOKMARK [3][-]{subsubsection.6.1.2}{\376\377\000C\000o\000m\000p\000o\000s\000i\000t\000i\000o\000n}{subsection.6.1}% 68
\BOOKMARK [2][-]{subsection.6.2}{\376\377\000I\000n\000j\000e\000c\000t\000i\000v\000e\000,\000\040\000S\000u\000r\000j\000e\000c\000t\000i\000v\000e\000,\000\040\000a\000n\000d\000\040\000B\000i\000j\000e\000c\000t\000i\000v\000e}{section.6}% 69
\BOOKMARK [3][-]{subsubsection.6.2.1}{\376\377\000I\000n\000j\000e\000c\000t\000i\000v\000e\000\040\000o\000r\000\040\000O\000n\000e\000-\000t\000o\000-\000O\000n\000e}{subsection.6.2}% 70
\BOOKMARK [3][-]{subsubsection.6.2.2}{\376\377\000S\000u\000r\000j\000e\000c\000t\000i\000v\000e\000\040\000o\000r\000\040\000O\000n\000t\000o}{subsection.6.2}% 71
\BOOKMARK [3][-]{subsubsection.6.2.3}{\376\377\000B\000i\000j\000e\000c\000t\000i\000v\000e}{subsection.6.2}% 72
\BOOKMARK [2][-]{subsection.6.3}{\376\377\000I\000n\000v\000e\000r\000s\000e\000\040\000F\000u\000n\000c\000t\000i\000o\000n\000s}{section.6}% 73
\BOOKMARK [2][-]{subsection.6.4}{\376\377\000C\000l\000o\000s\000u\000r\000e\000s}{section.6}% 74
\BOOKMARK [1][-]{section.7}{\376\377\000M\000a\000t\000h\000e\000m\000a\000t\000i\000c\000a\000l\000\040\000I\000n\000d\000u\000c\000t\000i\000o\000n}{}% 75
\BOOKMARK [2][-]{subsection.7.1}{\376\377\000P\000r\000o\000o\000f\000\040\000b\000y\000\040\000I\000n\000d\000u\000c\000t\000i\000o\000n}{section.7}% 76
\BOOKMARK [2][-]{subsection.7.2}{\376\377\000R\000e\000c\000u\000r\000s\000i\000o\000n}{section.7}% 77
\BOOKMARK [2][-]{subsection.7.3}{\376\377\000S\000t\000r\000o\000n\000g\000\040\000I\000n\000d\000u\000c\000t\000i\000o\000n}{section.7}% 78
\BOOKMARK [2][-]{subsection.7.4}{\376\377\000C\000l\000o\000s\000u\000r\000e\000s\000\040\000P\000a\000r\000t\000\040\000I\000I}{section.7}% 79
\BOOKMARK [1][-]{section.8}{\376\377\000N\000u\000m\000b\000e\000r\000\040\000T\000h\000e\000o\000r\000y}{}% 80
\BOOKMARK [2][-]{subsection.8.1}{\376\377\000G\000r\000e\000a\000t\000e\000s\000t\000\040\000C\000o\000m\000m\000o\000n\000\040\000D\000i\000v\000i\000s\000o\000r}{section.8}% 81
\BOOKMARK [2][-]{subsection.8.2}{\376\377\000P\000r\000i\000m\000e\000\040\000F\000a\000c\000t\000o\000r\000i\000z\000a\000t\000i\000o\000n}{section.8}% 82
\BOOKMARK [2][-]{subsection.8.3}{\376\377\000M\000o\000d\000u\000l\000a\000r\000\040\000A\000r\000i\000t\000h\000m\000e\000t\000i\000c}{section.8}% 83
\BOOKMARK [2][-]{subsection.8.4}{\376\377\000E\000u\000l\000e\000r\000'\000s\000\040\000T\000h\000e\000o\000r\000e\000m}{section.8}% 84
\BOOKMARK [2][-]{subsection.8.5}{\376\377\000P\000u\000b\000l\000i\000c\000-\000K\000e\000y\000\040\000C\000r\000y\000p\000t\000o\000g\000r\000a\000p\000h\000y}{section.8}% 85
\BOOKMARK [1][-]{section.9}{\376\377\000I\000n\000f\000i\000n\000i\000t\000e\000\040\000S\000e\000t\000s}{}% 86
\BOOKMARK [2][-]{subsection.9.1}{\376\377\000E\000q\000u\000i\000n\000u\000m\000e\000r\000o\000u\000s\000\040\000S\000e\000t\000s}{section.9}% 87
\BOOKMARK [2][-]{subsection.9.2}{\376\377\000C\000o\000u\000n\000t\000a\000b\000l\000e\000\040\000a\000n\000d\000\040\000U\000n\000c\000o\000u\000n\000t\000a\000b\000l\000e\000\040\000S\000e\000t\000s}{section.9}% 88
\BOOKMARK [2][-]{subsection.9.3}{\376\377\000T\000h\000e\000\040\000C\000a\000n\000t\000o\000r\000-\000S\000c\000h\000r\000\366\000d\000e\000r\000-\000B\000e\000r\000n\000s\000t\000e\000i\000n\000\040\000T\000h\000e\000o\000r\000e\000m}{section.9}% 89
